<?xml version="1.0" encoding="UTF-8"?>
<!-- Generated by org.testng.reporters.JUnitXMLReporter -->
<testsuite hostname="DESKTOP-UMSRJLA" failures="0" tests="4" name="ChromeTest" time="27.64" errors="0" timestamp="24 Apr 2022 08:37:11 GMT">
  <testcase classname="Parallel_Testing.ParallelTest" name="createNewAccount" time="1.025"/>
  <testcase classname="Parallel_Testing.ParallelTest" name="dropdown" time="1.555"/>
  <testcase classname="Parallel_Testing.ParallelTest" name="radio" time="0.16"/>
  <testcase classname="Parallel_Testing.ParallelTest" name="click" time="0.095"/>
</testsuite> <!-- ChromeTest -->
