<?xml version="1.0" encoding="UTF-8"?>
<!-- Generated by org.testng.reporters.JUnitXMLReporter -->
<testsuite hostname="DESKTOP-UMSRJLA" failures="0" tests="4" name="EdgeTest" time="32.705" errors="0" timestamp="24 Apr 2022 08:37:16 GMT">
  <testcase classname="Parallel_Testing.ParallelTest" name="createNewAccount" time="0.997"/>
  <testcase classname="Parallel_Testing.ParallelTest" name="dropdown" time="1.259"/>
  <testcase classname="Parallel_Testing.ParallelTest" name="radio" time="0.106"/>
  <testcase classname="Parallel_Testing.ParallelTest" name="click" time="0.115"/>
</testsuite> <!-- EdgeTest -->
