<?xml version="1.0" encoding="UTF-8"?>
<!-- Generated by org.testng.reporters.JUnitXMLReporter -->
<testsuite hostname="DESKTOP-UMSRJLA" failures="0" tests="8" name="Test" time="29.754" errors="0" timestamp="21 Apr 2022 18:31:20 GMT">
  <testcase classname="Parallel_Testing.MultipleBrowsersedge" name="createNewAccount" time="0.852"/>
  <testcase classname="Parallel_Testing.MultipleBrowsers" name="createNewAccount" time="0.712"/>
  <testcase classname="Parallel_Testing.MultipleBrowsersedge" name="dropdown" time="1.145"/>
  <testcase classname="Parallel_Testing.MultipleBrowsers" name="dropdown" time="1.009"/>
  <testcase classname="Parallel_Testing.MultipleBrowsersedge" name="radio" time="0.078"/>
  <testcase classname="Parallel_Testing.MultipleBrowsers" name="radio" time="0.076"/>
  <testcase classname="Parallel_Testing.MultipleBrowsersedge" name="click" time="0.076"/>
  <testcase classname="Parallel_Testing.MultipleBrowsers" name="click" time="0.076"/>
</testsuite> <!-- Test -->
